<?xml version="1.0" encoding="UTF-8"?>
<!-- Generated by org.testng.reporters.JUnitReportReporter -->
<testsuite hostname="Mehedi-Laptop" failures="0" tests="1" name="testrunner.Runner" time="22.858" errors="0" timestamp="2024-07-07T02:17:52 EDT" skipped="0">
  <testcase classname="testrunner.Runner" name="runScenario" time="22.858"/>
</testsuite> <!-- testrunner.Runner -->
